<?xml version="1.0" encoding="UTF-8"?>
<!-- Generated by org.testng.reporters.JUnitReportReporter -->
<testsuite hostname="DESKTOP-PRI1S77" failures="0" tests="1" name="com.googly.tests.readingArrays" time="0.021" errors="0" timestamp="25 Feb 2023 04:48:01 GMT" skipped="0">
  <testcase classname="com.googly.tests.readingArrays" name="readArrayElement" time="0.021"/>
</testsuite> <!-- com.googly.tests.readingArrays -->
