<?xml version="1.0" encoding="UTF-8"?>
<!-- Generated by org.testng.reporters.JUnitReportReporter -->
<testsuite hostname="DESKTOP-PRI1S77" failures="0" tests="1" name="com.googly.tests.LoginTest" time="0.019" errors="0" timestamp="05 Feb 2023 04:36:51 GMT" skipped="0">
  <testcase classname="com.googly.tests.LoginTest" name="arraySorted" time="0.019"/>
</testsuite> <!-- com.googly.tests.LoginTest -->
