<?xml version="1.0" encoding="UTF-8"?>
<!-- Generated by org.testng.reporters.JUnitReportReporter -->
<testsuite hostname="DESKTOP-PRI1S77" failures="0" tests="1" name="com.googly.tests.readingArrays" time="0.024" errors="0" timestamp="25 Feb 2023 04:57:55 GMT" skipped="0">
  <testcase classname="com.googly.tests.readingArrays" name="usingforLoop" time="0.024"/>
</testsuite> <!-- com.googly.tests.readingArrays -->
