<?xml version="1.0" encoding="UTF-8"?>
<!-- Generated by org.testng.reporters.JUnitReportReporter -->
<testsuite hostname="DESKTOP-PRI1S77" failures="0" tests="1" name="com.googly.tests.arrays" time="10.440" errors="0" timestamp="18 Feb 2023 11:44:37 GMT" skipped="0">
  <testcase classname="com.googly.tests.arrays" name="maxElementInArray" time="10.440"/>
</testsuite> <!-- com.googly.tests.arrays -->
