<?xml version="1.0" encoding="UTF-8"?>
<!-- Generated by org.testng.reporters.JUnitReportReporter -->
<testsuite hostname="DESKTOP-PRI1S77" failures="0" tests="1" name="com.googly.tests.readingArrays" time="0.020" errors="0" timestamp="25 Feb 2023 04:53:22 GMT" skipped="0">
  <testcase classname="com.googly.tests.readingArrays" name="usingforEachLoop" time="0.020"/>
</testsuite> <!-- com.googly.tests.readingArrays -->
