<?xml version="1.0" encoding="UTF-8"?>
<!-- Generated by org.testng.reporters.JUnitReportReporter -->
<testsuite hostname="DESKTOP-PRI1S77" failures="0" tests="1" name="com.googly.tests.Arrays01" time="4.518" errors="0" timestamp="18 Feb 2023 14:09:46 GMT" skipped="0">
  <testcase classname="com.googly.tests.Arrays01" name="sortingArrays" time="4.518"/>
</testsuite> <!-- com.googly.tests.Arrays01 -->
