<?xml version="1.0" encoding="UTF-8"?>
<!-- Generated by org.testng.reporters.JUnitReportReporter -->
<testsuite hostname="DESKTOP-PRI1S77" failures="0" tests="2" name="com.googly.tests.LoginPage" time="20.096" errors="0" timestamp="05 Feb 2023 16:14:46 GMT" skipped="0">
  <testcase classname="com.googly.tests.LoginPage" name="navigate_To_TVpage" time="10.074"/>
  <testcase classname="com.googly.tests.LoginPage" name="navigate_To_Mobilepage" time="10.022"/>
</testsuite> <!-- com.googly.tests.LoginPage -->
