<?xml version="1.0" encoding="UTF-8"?>
<!-- Generated by org.testng.reporters.JUnitReportReporter -->
<testsuite hostname="DESKTOP-PRI1S77" failures="0" tests="1" name="com.googly.tests.baseTest" time="6.622" errors="0" timestamp="16 Dec 2020 08:23:19 GMT" skipped="0">
  <testcase classname="com.googly.tests.baseTest" name="openApp" time="6.622"/>
</testsuite> <!-- com.googly.tests.baseTest -->
